<?xml version="1.0" encoding="UTF-8"?>
<!-- Generated by org.testng.reporters.JUnitXMLReporter -->
<testsuite hostname="sapra-ThinkPad-Edge-E430" ignored="0" name="Default test" tests="7" failures="0" timestamp="03 Jul 2017 17:39:18 GMT" time="0.275" errors="0">
  <testcase name="doThrowWithWhenUsingMethodWithReturnType" time="0.193" classname="com.javaSampleCode.mockito.MockingSampleCode"/>
  <testcase name="doThrowWithWhenUsingMethodWithVoidReturnType" time="0.003" classname="com.javaSampleCode.mockito.MockingSampleCode"/>
  <testcase name="spy" time="0.02" classname="com.javaSampleCode.mockito.MockingSampleCode"/>
  <testcase name="whenThenForMultipleCall" time="0.005" classname="com.javaSampleCode.mockito.MockingSampleCode"/>
  <testcase name="whenWithDoReturn" time="0.001" classname="com.javaSampleCode.mockito.MockingSampleCode"/>
  <testcase name="whenWithReturn" time="0.001" classname="com.javaSampleCode.mockito.MockingSampleCode"/>
  <testcase name="whenWithThenThrow" time="0.003" classname="com.javaSampleCode.mockito.MockingSampleCode"/>
</testsuite> <!-- Default test -->
