<?xml version="1.0" encoding="UTF-8"?>
<!-- Generated by org.testng.reporters.JUnitXMLReporter -->
<testsuite hostname="sapra-ThinkPad-Edge-E430" ignored="0" name="test2" tests="3" failures="0" timestamp="24 Jun 2017 08:17:42 GMT" time="0.022" errors="0">
  <testcase name="method1" time="0.002" classname="com.javaSampleCode.testng.TestNgSampleCode"/>
  <testcase name="method2" time="0.002" classname="com.javaSampleCode.testng.TestNgSampleCode"/>
  <testcase name="method3" time="0.005" classname="com.javaSampleCode.testng.TestNgSampleCode"/>
</testsuite> <!-- test2 -->
